  Cleaning GunPongEditor and UnrealHeaderTool binaries...
  Using 'git status' to determine working set for adaptive non-unity build (C:\Users\Jerry\Documents\GitHub\networking-practice).
  Creating makefile for GunPongEditor (no existing makefile)
  Parsing headers for GunPongEditor
    Running UnrealHeaderTool "C:\Users\Jerry\Documents\GitHub\networking-practice\GunPong\GunPong.uproject" "C:\Users\Jerry\Documents\GitHub\networking-practice\GunPong\Intermediate\Build\Win64\GunPongEditor\Development\GunPongEditor.uhtmanifest" -LogCmds="loginit warning, logexit warning, logdatabase error" -Unattended -WarningsAsErrors -abslog="C:\Users\Jerry\AppData\Local\UnrealBuildTool\Log_UHT.txt" -installed
  Reflection code generated for GunPongEditor in 3.8139692 seconds
  Building GunPongEditor...
  Using Visual Studio 2019 14.28.29914 toolchain (C:\Program Files (x86)\Microsoft Visual Studio\2019\Community\VC\Tools\MSVC\14.28.29910) and Windows 10.0.18362.0 SDK (C:\Program Files (x86)\Windows Kits\10).
  Building 15 actions with 12 processes...
    [1/15] Default.rc2
    [2/15] SharedPCH.Engine.ShadowErrors.cpp
    [3/15] GunPong.cpp
    [4/15] GunPong.init.gen.cpp
    [5/15] GunPongController.gen.cpp
    [6/15] GunPongProjectile.gen.cpp
    [7/15] GunPongGameMode.cpp
    [8/15] GunPongGameMode.gen.cpp
    [9/15] GunPongController.cpp
    [10/15] GunPongPawn.gen.cpp
    [11/15] GunPongProjectile.cpp
    [12/15] GunPongPawn.cpp
    [13/15] UE4Editor-GunPong-0001.lib
       Creating library C:\Users\Jerry\Documents\GitHub\networking-practice\GunPong\Intermediate\Build\Win64\UE4Editor\Development\GunPong\UE4Editor-GunPong-0001.lib and object C:\Users\Jerry\Documents\GitHub\networking-practice\GunPong\Intermediate\Build\Win64\UE4Editor\Development\GunPong\UE4Editor-GunPong-0001.exp
    [14/15] UE4Editor-GunPong-0001.dll
       Creating library C:\Users\Jerry\Documents\GitHub\networking-practice\GunPong\Intermediate\Build\Win64\UE4Editor\Development\GunPong\UE4Editor-GunPong-0001.suppressed.lib and object C:\Users\Jerry\Documents\GitHub\networking-practice\GunPong\Intermediate\Build\Win64\UE4Editor\Development\GunPong\UE4Editor-GunPong-0001.suppressed.exp
    [15/15] GunPongEditor.target
  Total time in Parallel executor: 21.85 seconds
  Total execution time: 27.85 seconds
